<?xml version="1.0" encoding="UTF-8"?>
<testsuite name="com.testing.collection.OddNumbersExterminatorTest" tests="2" skipped="0" failures="0" errors="0" timestamp="2022-02-02T10:28:26" hostname="Informatyk" time="0.014">
  <properties/>
  <testcase name="testOddNumbersExterminatorEmptyList()" classname="com.testing.collection.OddNumbersExterminatorTest" time="0.014"/>
  <testcase name="testOddNumbersExterminatorNormalList()" classname="com.testing.collection.OddNumbersExterminatorTest" time="0.0"/>
  <system-out><![CDATA[]]></system-out>
  <system-err><![CDATA[]]></system-err>
</testsuite>
