<?xml version="1.0" encoding="UTF-8"?>
<testsuite name="com.testing.shape.ShapeCollectorTest" tests="1" skipped="0" failures="0" errors="0" timestamp="2022-02-09T07:13:27" hostname="Informatyk" time="0.013">
  <properties/>
  <testcase name="showFiguresTest()" classname="com.testing.shape.ShapeCollectorTest" time="0.013"/>
  <system-out><![CDATA[Triangle{name='Triangle', sideA=6.0, height=3.5} Square{name='Square', sideA=4.0} 
]]></system-out>
  <system-err><![CDATA[]]></system-err>
</testsuite>
